<?xml version="1.0" encoding="UTF-8"?>
<!-- Generated by org.testng.reporters.JUnitReportReporter -->
<testsuite skipped="0" hostname="A2ML27073" name="com.invenotry.framework.SeleniumTest" tests="2" failures="0" timestamp="12 Jul 2019 16:29:53 GMT" time="51.867" errors="0">
  <testcase name="logoutTest" time="23.389" classname="com.invenotry.framework.SeleniumTest"/>
  <testcase name="loginTest" time="28.478" classname="com.invenotry.framework.SeleniumTest"/>
</testsuite> <!-- com.invenotry.framework.SeleniumTest -->
